<?xml version="1.0" encoding="UTF-8"?>
<!-- Generated by org.testng.reporters.JUnitReportReporter -->
<testsuite skipped="0" hostname="LAPTOP-QRRNDLCL" name="com.crm.qa.test.LogInTest" tests="2" failures="0" timestamp="21 Aug 2018 16:53:21 GMT" time="38.132" errors="0">
  <testcase name="validateLoginPageTitle" time="13.187" classname="com.crm.qa.test.LogInTest"/>
  <testcase name="EnterLoginPage" time="24.945" classname="com.crm.qa.test.LogInTest"/>
</testsuite> <!-- com.crm.qa.test.LogInTest -->
