<?xml version="1.0" encoding="UTF-8"?>
<!-- Generated by org.testng.reporters.JUnitReportReporter -->
<testsuite skipped="0" hostname="LAPTOP-QRRNDLCL" name="com.crm.qa.test.LogInTest" tests="2" failures="0" timestamp="02 Sep 2018 09:19:26 GMT" time="109.234" errors="0">
  <testcase name="validateLoginPageTitle" time="56.234" classname="com.crm.qa.test.LogInTest"/>
  <testcase name="EnterLoginPage" time="53.000" classname="com.crm.qa.test.LogInTest"/>
</testsuite> <!-- com.crm.qa.test.LogInTest -->
