<?xml version="1.0" encoding="UTF-8"?>
<!-- Generated by org.testng.reporters.JUnitReportReporter -->
<testsuite skipped="0" hostname="LAPTOP-QRRNDLCL" name="com.crm.qa.test.SignUpTest" tests="1" failures="0" timestamp="02 Sep 2018 01:54:32 GMT" time="114.808" errors="0">
  <testcase name="SignUpPageValidation" time="114.808" classname="com.crm.qa.test.SignUpTest"/>
</testsuite> <!-- com.crm.qa.test.SignUpTest -->
