<?xml version="1.0" encoding="UTF-8"?>
<!-- Generated by org.testng.reporters.JUnitReportReporter -->
<testsuite skipped="0" hostname="LAPTOP-QRRNDLCL" name="com.crm.qa.test.LogInTest" tests="2" failures="0" timestamp="02 Sep 2018 09:15:54 GMT" time="84.288" errors="0">
  <testcase name="validateLoginPageTitle" time="23.414" classname="com.crm.qa.test.LogInTest"/>
  <testcase name="EnterLoginPage" time="60.874" classname="com.crm.qa.test.LogInTest"/>
</testsuite> <!-- com.crm.qa.test.LogInTest -->
